<?xml version="1.0" encoding="UTF-8"?>
<testsuite xmlns:xsi="http://www.w3.org/2001/XMLSchema-instance" xsi:noNamespaceSchemaLocation="https://maven.apache.org/surefire/maven-surefire-plugin/xsd/surefire-test-report.xsd" version="3.0.2" name="testrunner.Testrunner_class" time="59.677" tests="1" errors="0" skipped="0" failures="0">
  <properties>
[...]
</properties>
  <testcase name="Successful Login into QAFOX.com" classname="Logging with Valid Credintials" time="51.691">
    <system-out><![CDATA[
@sanity
Scenario: Successful Login into QAFOX.com                                          # features/tutorialsninja_login.feature:24
2025-06-26T16:27:44.005020200Z main INFO Starting configuration XmlConfiguration[location=D:\workspace\cucumberDemo\target\test-classes\log4j2.xml, lastModified=2025-05-13T12:58:26.425Z]...
2025-06-26T16:27:44.008017500Z main INFO Start watching for changes to D:\workspace\cucumberDemo\target\test-classes\log4j2.xml every 0 seconds
2025-06-26T16:27:44.009017500Z main INFO Configuration XmlConfiguration[location=D:\workspace\cucumberDemo\target\test-classes\log4j2.xml, lastModified=2025-05-13T12:58:26.425Z] started.
2025-06-26T16:27:44.061987300Z main INFO Stopping configuration org.apache.logging.log4j.core.config.DefaultConfiguration@34d52ecd...
2025-06-26T16:27:44.062988Z main INFO Configuration org.apache.logging.log4j.core.config.DefaultConfiguration@34d52ecd stopped.
  Given the user navigate to home page                                             # cucumberDemoStepDef.login_qafox.the_user_navigate_to_home_page()
  And click on login button                                                        # cucumberDemoStepDef.login_qafox.click_on_login_button()
  When user enters email as "testautomation12123@gmail.com" and password as "test" # cucumberDemoStepDef.login_qafox.user_enters_email_as_and_password_as(java.lang.String,java.lang.String)
  And user clicks on Login button                                                  # cucumberDemoStepDef.login_qafox.user_clicks_on_login_button()
  Then user navigated to MyAccount Page                                            # cucumberDemoStepDef.login_qafox.user_navigated_to_my_account_page()
]]></system-out>
    <system-err><![CDATA[Jun 26, 2025 9:57:27 PM org.openqa.selenium.devtools.CdpVersionFinder findNearestMatch
WARNING: Unable to find an exact match for CDP version 137, returning the closest version; found: 135; Please update to a Selenium version that supports CDP version 137
]]></system-err>
  </testcase>
</testsuite>